<?xml version="1.0" encoding="UTF-8"?>
<!-- Generated by org.testng.reporters.JUnitReportReporter -->
<testsuite hostname="LAPTOP-7KRDH6ME" failures="0" tests="2" name="com.project1.testcases.BankManagerLoginTest" time="7.023" errors="0" timestamp="2023-12-04T14:51:31 IST" skipped="0">
  <testcase classname="com.project1.testcases.BankManagerLoginTest" name="lunchBrowser" time="5.881"/>
  <testcase classname="com.project1.testcases.BankManagerLoginTest" name="loginAsBankManager" time="1.142"/>
</testsuite> <!-- com.project1.testcases.BankManagerLoginTest -->
