<?xml version="1.0" encoding="UTF-8"?>
<!-- Generated by org.testng.reporters.JUnitReportReporter -->
<testsuite hostname="LAPTOP-7KRDH6ME" failures="0" tests="1" name="com.project1.base.TestBase" time="2.032" errors="0" timestamp="2023-12-01T06:02:48 IST" skipped="0">
  <testcase classname="com.project1.base.TestBase" name="setup" time="2.032"/>
</testsuite> <!-- com.project1.base.TestBase -->
