<?xml version="1.0" encoding="UTF-8"?>
<!-- Generated by org.testng.reporters.JUnitReportReporter -->
<testsuite hostname="LAPTOP-7KRDH6ME" failures="0" tests="1" name="com.project1.testcases.HostAddress" time="2.277" errors="0" timestamp="2023-12-03T16:18:40 IST" skipped="0">
  <testcase classname="com.project1.testcases.HostAddress" name="mymail" time="2.277"/>
</testsuite> <!-- com.project1.testcases.HostAddress -->
