<?xml version="1.0" encoding="UTF-8"?>
<!-- Generated by org.testng.reporters.JUnitReportReporter -->
<testsuite hostname="LAPTOP-7KRDH6ME" failures="0" tests="4" name="com.project1.testcases.AddCustomer" time="8.230" errors="0" timestamp="2023-12-04T12:22:22 IST" skipped="0">
  <testcase classname="com.project1.testcases.AddCustomer" name="lunchBrowser" time="2.320"/>
  <testcase classname="com.project1.testcases.AddCustomer" name="clickBankManagerLogin" time="1.205"/>
  <testcase classname="com.project1.testcases.AddCustomer" name="clickonAddCustomer" time="2.239"/>
  <testcase classname="com.project1.testcases.AddCustomer" name="addCustomerDetails" time="2.466"/>
</testsuite> <!-- com.project1.testcases.AddCustomer -->
