<?xml version="1.0" encoding="UTF-8"?>
<!-- Generated by org.testng.reporters.JUnitReportReporter -->
<testsuite hostname="LAPTOP-7KRDH6ME" failures="0" tests="1" name="com.project1.utilities.EmailNoification" time="0.418" errors="1" timestamp="2023-12-03T18:32:51 IST" skipped="0">
  <testcase classname="com.project1.utilities.EmailNoification" name="email" time="0.418">
    <error message="com.sun.mail.util.MailConnectException: Couldn&#039;t connect to host, port: smtpmail.gmail.com, 587; timeout -1;
  nested exception is:
	java.net.UnknownHostException: smtpmail.gmail.com" type="java.lang.RuntimeException">
      <![CDATA[java.lang.RuntimeException: com.sun.mail.util.MailConnectException: Couldn't connect to host, port: smtpmail.gmail.com, 587; timeout -1;
  nested exception is:
java.net.UnknownHostException: smtpmail.gmail.com
at com.project1.utilities.EmailNoification.email(EmailNoification.java:214)
at java.base/jdk.internal.reflect.NativeMethodAccessorImpl.invoke0(Native Method)
at java.base/jdk.internal.reflect.NativeMethodAccessorImpl.invoke(NativeMethodAccessorImpl.java:77)
at java.base/jdk.internal.reflect.DelegatingMethodAccessorImpl.invoke(DelegatingMethodAccessorImpl.java:43)
at java.base/java.lang.reflect.Method.invoke(Method.java:568)
at org.testng.internal.invokers.MethodInvocationHelper.invokeMethod(MethodInvocationHelper.java:139)
at org.testng.internal.invokers.TestInvoker.invokeMethod(TestInvoker.java:664)
at org.testng.internal.invokers.TestInvoker.invokeTestMethod(TestInvoker.java:227)
at org.testng.internal.invokers.MethodRunner.runInSequence(MethodRunner.java:50)
at org.testng.internal.invokers.TestInvoker$MethodInvocationAgent.invoke(TestInvoker.java:957)
at org.testng.internal.invokers.TestInvoker.invokeTestMethods(TestInvoker.java:200)
at org.testng.internal.invokers.TestMethodWorker.invokeTestMethods(TestMethodWorker.java:148)
at org.testng.internal.invokers.TestMethodWorker.run(TestMethodWorker.java:128)
at java.base/java.util.ArrayList.forEach(ArrayList.java:1511)
at org.testng.TestRunner.privateRun(TestRunner.java:848)
at org.testng.TestRunner.run(TestRunner.java:621)
at org.testng.SuiteRunner.runTest(SuiteRunner.java:443)
at org.testng.SuiteRunner.runSequentially(SuiteRunner.java:437)
at org.testng.SuiteRunner.privateRun(SuiteRunner.java:397)
at org.testng.SuiteRunner.run(SuiteRunner.java:336)
at org.testng.SuiteRunnerWorker.runSuite(SuiteRunnerWorker.java:52)
at org.testng.SuiteRunnerWorker.run(SuiteRunnerWorker.java:95)
at org.testng.TestNG.runSuitesSequentially(TestNG.java:1280)
at org.testng.TestNG.runSuitesLocally(TestNG.java:1200)
at org.testng.TestNG.runSuites(TestNG.java:1114)
at org.testng.TestNG.run(TestNG.java:1082)
at org.testng.remote.AbstractRemoteTestNG.run(AbstractRemoteTestNG.java:115)
at org.testng.remote.RemoteTestNG.initAndRun(RemoteTestNG.java:251)
at org.testng.remote.RemoteTestNG.main(RemoteTestNG.java:77)
Caused by: com.sun.mail.util.MailConnectException: Couldn't connect to host, port: smtpmail.gmail.com, 587; timeout -1;
  nested exception is:
java.net.UnknownHostException: smtpmail.gmail.com
at com.sun.mail.smtp.SMTPTransport.openServer(SMTPTransport.java:2209)
at com.sun.mail.smtp.SMTPTransport.protocolConnect(SMTPTransport.java:740)
at javax.mail.Service.connect(Service.java:388)
at javax.mail.Service.connect(Service.java:246)
at javax.mail.Service.connect(Service.java:195)
at javax.mail.Transport.send0(Transport.java:254)
at javax.mail.Transport.send(Transport.java:124)
at com.project1.utilities.EmailNoification.email(EmailNoification.java:206)
... 28 more
Caused by: java.net.UnknownHostException: smtpmail.gmail.com
at java.base/sun.nio.ch.NioSocketImpl.connect(NioSocketImpl.java:567)
at java.base/java.net.SocksSocketImpl.connect(SocksSocketImpl.java:327)
at java.base/java.net.Socket.connect(Socket.java:633)
at java.base/java.net.Socket.connect(Socket.java:583)
at com.sun.mail.util.SocketFetcher.createSocket(SocketFetcher.java:359)
at com.sun.mail.util.SocketFetcher.getSocket(SocketFetcher.java:238)
at com.sun.mail.smtp.SMTPTransport.openServer(SMTPTransport.java:2175)
... 35 more
]]>
    </error>
  </testcase> <!-- email -->
</testsuite> <!-- com.project1.utilities.EmailNoification -->
